INFO main com.pt.vx.VxMessageMain - 程序结束，耗时：9612 ms
INFO main com.pt.vx.service.vx.MessageService - 开始处理用户：{"Vx":"oqUyg6GKEG_H8zRgSXvXKJyCJoNU","templateId":"l8Q7IqtRfXwRrFxu5rj2VwneYVrV3uW67aBwk_AIv6U","userName":"pt","birthDays":[{"year":2025,"month":3,"day":13,"chineseFlag":false,"countFlag":true,"info":"pt生日快乐！！"},{"year":2024,"month":4,"day":27,"chineseFlag":false,"countFlag":true,"info":"周年快乐"}],"address":"北京市朝阳区阜通东大街6号","city":"北京"}
INFO pool-1-thread-1 com.pt.vx.service.api.ApiMessageService - 随机API接口为：d,获取的结果为：想把今天的白云寄给你，想把今天的皑皑白雪寄给你，想把我寄给你。
ERROR pool-1-thread-3 com.pt.vx.service.vx.MessageService - 获取天气失败，返回值为：null
INFO main com.pt.vx.utils.VxUtil - 获取微信token：{"access_token":"85_wqEb-uS0lgLNPOcI-dsyKkdzqQVMyjKyk4zMsqt9BHRYKQzPdro4yImbAMOhVdhHR0Ss8spHb2pCDvhbHU0XgV3zVyfJLZYnjDdz3JcIZJOPnQ78TjCSva70pAADSOgAFAWLH","expires_in":7200}
INFO main com.pt.vx.utils.VxUtil - 发送微信消息：{"touser":"oqUyg6GKEG_H8zRgSXvXKJyCJoNU","template_id":"l8Q7IqtRfXwRrFxu5rj2VwneYVrV3uW67aBwk_AIv6U","data":{"wk4":{"value":"三"},"bD":{"value":"152"},"bD1":{"value":"168"},"r":{"value":"寄给你，想把我寄给你。"},"wk":{"value":"六"},"da2":{"value":"2024-10-14"},"u":{"value":"pt"},"da1":{"value":"2024-10-13"},"da4":{"value":"2024-10-16"},"da3":{"value":"2024-10-15"},"wk1":{"value":"日"},"da":{"value":"2024-10-12"},"wk3":{"value":"二"},"wk2":{"value":"一"}}}，发送的结果为：{"errcode":0,"errmsg":"ok","msgid":3676317844066566149}
INFO main com.pt.vx.VxMessageMain - 程序结束，耗时：3636 ms
INFO main com.pt.vx.service.vx.MessageService - 开始处理用户：{"Vx":"oqUyg6GKEG_H8zRgSXvXKJyCJoNU","templateId":"l8Q7IqtRfXwRrFxu5rj2VwneYVrV3uW67aBwk_AIv6U","userName":"pt","birthDays":[{"year":2025,"month":3,"day":13,"chineseFlag":false,"countFlag":true,"info":"pt生日快乐！！"},{"year":2024,"month":4,"day":27,"chineseFlag":false,"countFlag":true,"info":"周年快乐"}],"address":"北京市朝阳区阜通东大街6号","city":"北京"}
INFO pool-1-thread-1 com.pt.vx.service.api.ApiMessageService - 随机API接口为：q,获取的结果为：看着你，工作日的下午茶都要甜上几分
INFO main com.pt.vx.utils.VxUtil - 获取微信token：{"access_token":"85_8leGOgtrhyeo2ASx6-Q97UZHSLTqkVHh-Y7XIMWeUdBlf9y03F7cB554A92x-jH1Q810h_3r7X1g07B_nbBC0Q2PV0qIseeifAqmIyBg1xnbdOHJdhrPv9c_XAwWJJbAAADQQ","expires_in":7200}
INFO main com.pt.vx.utils.VxUtil - 发送微信消息：{"touser":"oqUyg6GKEG_H8zRgSXvXKJyCJoNU","template_id":"l8Q7IqtRfXwRrFxu5rj2VwneYVrV3uW67aBwk_AIv6U","data":{"wk4":{"value":"三"},"bD":{"value":"152"},"h":{"value":"44"},"bD1":{"value":"168"},"p":{"value":"≤3"},"r":{"value":"看着你，工作日的下午茶都要甜上几分"},"wk":{"value":"六"},"da2":{"value":"2024-10-14"},"t":{"value":"23"},"u":{"value":"pt"},"da1":{"value":"2024-10-13"},"da4":{"value":"2024-10-16"},"da3":{"value":"2024-10-15"},"wn":{"value":"多云"},"w":{"value":"东南"},"wk1":{"value":"日"},"da":{"value":"2024-10-12"},"wk3":{"value":"二"},"wk2":{"value":"一"}}}，发送的结果为：{"errcode":0,"errmsg":"ok","msgid":3676319362605940738}
INFO main com.pt.vx.VxMessageMain - 程序结束，耗时：34813 ms
INFO main com.pt.vx.service.vx.MessageService - 开始处理用户：{"Vx":"oqUyg6GKEG_H8zRgSXvXKJyCJoNU","templateId":"l8Q7IqtRfXwRrFxu5rj2VwneYVrV3uW67aBwk_AIv6U","userName":"pt","birthDays":[{"year":2025,"month":3,"day":13,"chineseFlag":false,"countFlag":true,"info":"pt生日快乐！！"},{"year":2024,"month":4,"day":27,"chineseFlag":false,"countFlag":true,"info":"周年快乐"}],"address":"北京市朝阳区阜通东大街6号","city":"北京"}
INFO pool-1-thread-1 com.pt.vx.service.api.ApiMessageService - 随机API接口为：q,获取的结果为：我一天一天明白你的平凡，同时却一天一天愈更加深切地爱你。你如照镜子，你不会我看得见你特别美好的所在，但是你如走到我的心里来时，你一定能知道自己是怎样好法。
INFO main com.pt.vx.utils.VxUtil - 获取微信token：{"access_token":"85_PXCe6TN-xkReY6r_gjD7oRY72RunT5oNf_I3KqWnjfbvgcz14j739rdNLMOPq9ngOu-9Cem4tM5qcliib3oTl9vuFfRdr17LGB0CXmMxeox_eE-khmj8tMYCIG4GBGeAAAZUZ","expires_in":7200}
INFO main com.pt.vx.utils.VxUtil - 发送微信消息：{"touser":"oqUyg6GKEG_H8zRgSXvXKJyCJoNU","template_id":"l8Q7IqtRfXwRrFxu5rj2VwneYVrV3uW67aBwk_AIv6U","data":{"wk4":{"value":"三"},"bD":{"value":"152"},"h":{"value":"44"},"bD1":{"value":"168"},"p":{"value":"≤3"},"r":{"value":"来时，你一定能知道自己是怎样好法。"},"wk":{"value":"六"},"da2":{"value":"2024-10-14"},"t":{"value":"23"},"u":{"value":"pt"},"da1":{"value":"2024-10-13"},"da4":{"value":"2024-10-16"},"da3":{"value":"2024-10-15"},"wn":{"value":"多云"},"w":{"value":"东南"},"wk1":{"value":"日"},"da":{"value":"2024-10-12"},"wk3":{"value":"二"},"wk2":{"value":"一"}}}，发送的结果为：{"errcode":0,"errmsg":"ok","msgid":3676319758195916801}
INFO main com.pt.vx.VxMessageMain - 程序结束，耗时：3502 ms
INFO main com.pt.vx.service.vx.MessageService - 开始处理用户：{"Vx":"oqUyg6GKEG_H8zRgSXvXKJyCJoNU","templateId":"l8Q7IqtRfXwRrFxu5rj2VwneYVrV3uW67aBwk_AIv6U","userName":"pt","birthDays":[{"year":2025,"month":3,"day":13,"chineseFlag":false,"countFlag":true,"info":"pt生日快乐！！"},{"year":2024,"month":4,"day":27,"chineseFlag":false,"countFlag":true,"info":"周年快乐"}],"address":"北京市朝阳区阜通东大街6号","city":"北京"}
INFO pool-1-thread-1 com.pt.vx.service.api.ApiMessageService - 随机API接口为：d,获取的结果为：我想跟你分享我眼睛见到的一切，耳里听到的音乐，以及品尝到的所有美味。 最后，还想跟你分享我那颗不大的心。
INFO main com.pt.vx.utils.VxUtil - 获取微信token：{"access_token":"85_e_N79_WCLWG868Hxk8o4X6RDLczwrFUDq62AxDu-dI1l_yDLXrhd6iUB3o0pW-11VfoNsUNEWd2QrM2J6iCUY2aVkzSfmcmiLomOKXjh2ZX1EGKtH_31cvDvyKQPMJfAHAGDA","expires_in":7200}
INFO main com.pt.vx.utils.VxUtil - 发送微信消息：{"touser":"oqUyg6GKEG_H8zRgSXvXKJyCJoNU","template_id":"l8Q7IqtRfXwRrFxu5rj2VwneYVrV3uW67aBwk_AIv6U","data":{"wd2":{"value":"西南风"},"wd1":{"value":"南风"},"wd4":{"value":"南风"},"wd3":{"value":"北风"},"wd6":{"value":"北风"},"wd5":{"value":"北风"},"wi1":{"value":"多云"},"wi3":{"value":"多云"},"wi2":{"value":"晴"},"bD":{"value":"152"},"wi5":{"value":"多云"},"wi4":{"value":"小雨"},"wi6":{"value":"晴"},"pd1":{"value":"1-3"},"pd3":{"value":"1-3"},"pd2":{"value":"1-3"},"td1":{"value":"19"},"pd5":{"value":"1-3"},"pd4":{"value":"1-3"},"td3":{"value":"19"},"td2":{"value":"22"},"pd6":{"value":"1-3"},"td5":{"value":"17"},"td4":{"value":"18"},"td6":{"value":"17"},"wd":{"value":"东南风"},"bD1":{"value":"168"},"ww1":{"value":"东南风"},"wi":{"value":"多云"},"ww3":{"value":"东南风"},"ww2":{"value":"东北风"},"da2":{"value":"2024-10-14"},"wk":{"value":"六"},"ww5":{"value":"北风"},"da1":{"value":"2024-10-13"},"ww4":{"value":"东南风"},"da4":{"value":"2024-10-16"},"da3":{"value":"2024-10-15"},"ww6":{"value":"东南风"},"wk1":{"value":"日"},"wk3":{"value":"二"},"wk2":{"value":"一"},"sr":{"value":"06:22"},"ss":{"value":"17:41"},"ww":{"value":"东北风"},"wk4":{"value":"三"},"td":{"value":"24"},"r":{"value":"跟你分享我那颗不大的心。"},"pn1":{"value":"1-3"},"pd":{"value":"1-3"},"pn3":{"value":"1-3"},"u":{"value":"pt"},"pn2":{"value":"1-3"},"tn1":{"value":"13"},"pn5":{"value":"1-3"},"pn4":{"value":"1-3"},"tn3":{"value":"10"},"tn2":{"value":"13"},"pn6":{"value":"1-3"},"tn":{"value":"14"},"tn5":{"value":"11"},"tn4":{"value":"12"},"da":{"value":"2024-10-12"},"tn6":{"value":"6"},"pn":{"value":"1-3"}}}，发送的结果为：{"errcode":0,"errmsg":"ok","msgid":3676325270585114629}
INFO main com.pt.vx.VxMessageMain - 程序结束，耗时：3523 ms
INFO main com.pt.vx.service.vx.MessageService - 开始处理用户：{"Vx":"oqUyg6GKEG_H8zRgSXvXKJyCJoNU","templateId":"ZjL4_3k2e0xOJc7enqOWLkpHkZnuMhhbzeKxjrDohGA","userName":"pt","birthDays":[{"year":2025,"month":3,"day":13,"chineseFlag":false,"countFlag":true,"info":"pt生日快乐！！"},{"year":2024,"month":4,"day":27,"chineseFlag":false,"countFlag":true,"info":"周年快乐"}],"address":"北京市朝阳区阜通东大街6号","city":"北京"}
INFO pool-1-thread-1 com.pt.vx.service.api.ApiMessageService - 随机API接口为：d,获取的结果为：把细碎的烦恼暂停关掉，把月亮挂好，睡个好觉。晚安
INFO main com.pt.vx.utils.VxUtil - 获取微信token：{"access_token":"85_xYD51_1LqRSVrdFEEJjW8YG2LEn6aah7TpDacHyWXTQUVmUpAisfRVXpwXGKF1vjfJ3YZ-fOO3ht6C7HTUYrITdW4rZ-MxNKhKQ21HtdI3e70c85e1scHWqHSBECKDaAHAQYR","expires_in":7200}
INFO main com.pt.vx.utils.VxUtil - 发送微信消息：{"touser":"oqUyg6GKEG_H8zRgSXvXKJyCJoNU","template_id":"ZjL4_3k2e0xOJc7enqOWLkpHkZnuMhhbzeKxjrDohGA","data":{"wd2":{"value":"西南风"},"wd1":{"value":"南风"},"wd4":{"value":"南风"},"wd3":{"value":"北风"},"wd6":{"value":"北风"},"wd5":{"value":"北风"},"wi1":{"value":"多云"},"wi3":{"value":"多云"},"wi2":{"value":"晴"},"bD":{"value":"152"},"wi5":{"value":"多云"},"wi4":{"value":"小雨"},"wi6":{"value":"晴"},"pd1":{"value":"1-3"},"pd3":{"value":"1-3"},"pd2":{"value":"1-3"},"td1":{"value":"19"},"pd5":{"value":"1-3"},"pd4":{"value":"1-3"},"td3":{"value":"19"},"td2":{"value":"22"},"pd6":{"value":"1-3"},"td5":{"value":"17"},"td4":{"value":"18"},"td6":{"value":"17"},"wd":{"value":"东南风"},"bD1":{"value":"168"},"ww1":{"value":"东南风"},"wi":{"value":"多云"},"ww3":{"value":"东南风"},"ww2":{"value":"东北风"},"da2":{"value":"2024-10-14"},"wk":{"value":"六"},"ww5":{"value":"北风"},"da1":{"value":"2024-10-13"},"ww4":{"value":"东南风"},"da4":{"value":"2024-10-16"},"da3":{"value":"2024-10-15"},"ww6":{"value":"东南风"},"wk1":{"value":"日"},"wk3":{"value":"二"},"wk2":{"value":"一"},"sr":{"value":"06:22"},"ss":{"value":"17:41"},"ww":{"value":"东北风"},"wk4":{"value":"三"},"td":{"value":"24"},"r":{"value":"把细碎的烦恼暂停关掉，把月亮挂好，睡个好"},"pn1":{"value":"1-3"},"pd":{"value":"1-3"},"pn3":{"value":"1-3"},"u":{"value":"pt"},"pn2":{"value":"1-3"},"tn1":{"value":"13"},"pn5":{"value":"1-3"},"pn4":{"value":"1-3"},"tn3":{"value":"10"},"tn2":{"value":"13"},"pn6":{"value":"1-3"},"tn":{"value":"14"},"tn5":{"value":"11"},"tn4":{"value":"12"},"da":{"value":"2024-10-12"},"tn6":{"value":"6"},"pn":{"value":"1-3"}}}，发送的结果为：{"errcode":0,"errmsg":"ok","msgid":3676439029035073538}
INFO main com.pt.vx.VxMessageMain - 程序结束，耗时：4416 ms
INFO main com.pt.vx.service.vx.MessageService - 开始处理用户：{"Vx":"oqUyg6GKEG_H8zRgSXvXKJyCJoNU","templateId":"ZjL4_3k2e0xOJc7enqOWLkpHkZnuMhhbzeKxjrDohGA","userName":"pt","birthDays":[{"year":2025,"month":3,"day":13,"chineseFlag":false,"countFlag":true,"info":"pt生日快乐！！"},{"year":2024,"month":4,"day":27,"chineseFlag":false,"countFlag":true,"info":"周年快乐"}],"address":"北京市通州区","city":"北京"}
INFO pool-1-thread-1 com.pt.vx.service.api.ApiMessageService - ---获取谜语--- 谜题：全面开荒，提示：打一成语，谜底：不留余地
INFO pool-1-thread-1 com.pt.vx.service.api.ApiMessageService - 随机API接口为：m,获取的结果为：全面开荒(提示：打一成语)
ERROR main com.pt.vx.service.vx.MessageService - 发送消息出现错误，错误为：java.lang.NumberFormatException: For input string: "=>"
java.util.concurrent.ExecutionException: java.lang.NumberFormatException: For input string: "=>"
	at java.util.concurrent.CompletableFuture.reportGet(CompletableFuture.java:357)
	at java.util.concurrent.CompletableFuture.get(CompletableFuture.java:1895)
	at com.pt.vx.service.vx.MessageService.buildMessageContext(MessageService.java:78)
	at com.pt.vx.service.vx.MessageService.sendMessage(MessageService.java:50)
	at com.pt.vx.VxMessageMain.main(VxMessageMain.java:29)
Caused by: java.lang.NumberFormatException: For input string: "=>"
	at java.lang.NumberFormatException.forInputString(NumberFormatException.java:65)
	at java.lang.Integer.parseInt(Integer.java:580)
	at java.lang.Integer.parseInt(Integer.java:615)
	at com.pt.vx.service.vx.MessageService.buildWeatherOtherInfo(MessageService.java:231)
	at com.pt.vx.service.vx.MessageService.lambda$null$6(MessageService.java:215)
	at java.util.ArrayList.forEach(ArrayList.java:1257)
	at com.pt.vx.service.vx.MessageService.lambda$buildWeatherOtherInfoFuture$7(MessageService.java:215)
	at java.util.concurrent.CompletableFuture.biAccept(CompletableFuture.java:1176)
	at java.util.concurrent.CompletableFuture$BiAccept.tryFire(CompletableFuture.java:1141)
	at java.util.concurrent.CompletableFuture$Completion.run(CompletableFuture.java:442)
	at java.util.concurrent.ThreadPoolExecutor.runWorker(ThreadPoolExecutor.java:1149)
	at java.util.concurrent.ThreadPoolExecutor$Worker.run(ThreadPoolExecutor.java:624)
	at java.lang.Thread.run(Thread.java:748)
INFO main com.pt.vx.utils.VxUtil - 获取微信token：{"access_token":"85_75h9vQnhfHKbFERrkXfnwVvqUcFfWkwGxFnMS3j3sAdNlSE532L_rYQ-HAspOFflyGOhzRPRaCXNNwcaFRAz5crRICJdznJiXKf5lOEqbo12QyElcnya1pdXr-4EQZbAFATFO","expires_in":7200}
INFO main com.pt.vx.utils.VxUtil - 发送微信消息：{"touser":"oqUyg6GKEG_H8zRgSXvXKJyCJoNU","template_id":"ZjL4_3k2e0xOJc7enqOWLkpHkZnuMhhbzeKxjrDohGA","data":{"wd2":{"value":"西南风"},"wd1":{"value":"南风"},"wd4":{"value":"南风"},"wd3":{"value":"北风"},"wd6":{"value":"北风"},"wd5":{"value":"北风"},"wi1":{"value":"多云"},"wi3":{"value":"多云"},"wi2":{"value":"晴"},"bD":{"value":"152"},"wi5":{"value":"多云"},"wi4":{"value":"小雨"},"wi6":{"value":"晴"},"pd1":{"value":"1-3"},"pd3":{"value":"1-3"},"pd2":{"value":"1-3"},"td1":{"value":"19"},"pd5":{"value":"1-3"},"pd4":{"value":"1-3"},"td3":{"value":"19"},"td2":{"value":"22"},"pd6":{"value":"1-3"},"td5":{"value":"17"},"td4":{"value":"18"},"td6":{"value":"17"},"wd":{"value":"东南风"},"bD1":{"value":"168"},"ww1":{"value":"东南风"},"wi":{"value":"多云"},"ww3":{"value":"东南风"},"ww2":{"value":"东北风"},"da2":{"value":"2024-10-14"},"wk":{"value":"六"},"ww5":{"value":"北风"},"da1":{"value":"2024-10-13"},"ww4":{"value":"东南风"},"da4":{"value":"2024-10-16"},"da3":{"value":"2024-10-15"},"ww6":{"value":"东南风"},"wk1":{"value":"日"},"wk3":{"value":"二"},"wk2":{"value":"一"},"sr":{"value":"06:22"},"ss":{"value":"17:41"},"ww":{"value":"东北风"},"wk4":{"value":"三"},"td":{"value":"24"},"r":{"value":"全面开荒(提示：打一成语)"},"pn1":{"value":"1-3"},"pd":{"value":"1-3"},"pn3":{"value":"1-3"},"u":{"value":"pt"},"pn2":{"value":"1-3"},"tn1":{"value":"13"},"pn5":{"value":"1-3"},"pn4":{"value":"1-3"},"tn3":{"value":"10"},"tn2":{"value":"13"},"pn6":{"value":"1-3"},"tn":{"value":"14"},"tn5":{"value":"11"},"tn4":{"value":"12"},"da":{"value":"2024-10-12"},"tn6":{"value":"6"},"pn":{"value":"1-3"}}}，发送的结果为：{"errcode":0,"errmsg":"ok","msgid":3676455185645076487}
INFO main com.pt.vx.VxMessageMain - 程序结束，耗时：3138 ms
INFO main com.pt.vx.service.vx.MessageService - 开始处理用户：{"Vx":"oqUyg6GKEG_H8zRgSXvXKJyCJoNU","templateId":"ZjL4_3k2e0xOJc7enqOWLkpHkZnuMhhbzeKxjrDohGA","userName":"pt","birthDays":[{"year":2025,"month":3,"day":13,"chineseFlag":false,"countFlag":true,"info":"pt生日快乐！！"},{"year":2024,"month":4,"day":27,"chineseFlag":false,"countFlag":true,"info":"周年快乐"}],"address":"北京市通州区","city":"北京"}
INFO pool-1-thread-1 com.pt.vx.service.api.ApiMessageService - 随机API接口为：q,获取的结果为：你问我爱你值不值得，其实你应该知道，爱就是不问值不值得。
INFO main com.pt.vx.utils.VxUtil - 获取微信token：{"access_token":"85_ONi5CARk-TOv88ZqBjHW49OwnxWnoNOhxMoUI8_TxOW8Lley4r_X5VN8zFeZsmgj7ZnGg5_4INPPjV4VU97q1oGjSdmVqDFN-r9pvVKuA8Q6Nyq0z9ycW1KJNswXOQeAFAKBD","expires_in":7200}
INFO main com.pt.vx.utils.VxUtil - 发送微信消息：{"touser":"oqUyg6GKEG_H8zRgSXvXKJyCJoNU","template_id":"ZjL4_3k2e0xOJc7enqOWLkpHkZnuMhhbzeKxjrDohGA","data":{"wd2":{"value":"西南风"},"wd1":{"value":"南风"},"wd4":{"value":"南风"},"wd3":{"value":"北风"},"wd6":{"value":"北风"},"wd5":{"value":"北风"},"wi1":{"value":"多云"},"wi3":{"value":"多云"},"wi2":{"value":"晴"},"bD":{"value":"152"},"wi5":{"value":"多云"},"wi4":{"value":"小雨"},"wi6":{"value":"晴"},"pd1":{"value":"1-3"},"pd3":{"value":"1-3"},"pd2":{"value":"1-3"},"td1":{"value":"19"},"pd5":{"value":"1-3"},"pd4":{"value":"1-3"},"td3":{"value":"19"},"td2":{"value":"22"},"pd6":{"value":"1-3"},"td5":{"value":"17"},"td4":{"value":"18"},"td6":{"value":"17"},"wd":{"value":"东南风"},"bD1":{"value":"168"},"ww1":{"value":"东南风"},"wi":{"value":"多云"},"ww3":{"value":"东南风"},"ww2":{"value":"东北风"},"da2":{"value":"2024-10-14"},"wk":{"value":"六"},"ww5":{"value":"北风"},"da1":{"value":"2024-10-13"},"ww4":{"value":"东南风"},"da4":{"value":"2024-10-16"},"da3":{"value":"2024-10-15"},"ww6":{"value":"东南风"},"wk1":{"value":"日"},"wk3":{"value":"二"},"wk2":{"value":"一"},"sr":{"value":"06:22"},"ss":{"value":"17:41"},"ww":{"value":"东北风"},"wk4":{"value":"三"},"o":{"value":"天气天气有点小冷，注意保暖哦~"},"td":{"value":"24"},"r":{"value":"你问我爱你值不值得，其实你应该知道，爱就"},"pn1":{"value":"1-3"},"pd":{"value":"1-3"},"pn3":{"value":"1-3"},"u":{"value":"pt"},"pn2":{"value":"1-3"},"tn1":{"value":"13"},"pn5":{"value":"1-3"},"pn4":{"value":"1-3"},"tn3":{"value":"10"},"tn2":{"value":"13"},"pn6":{"value":"1-3"},"tn":{"value":"14"},"tn5":{"value":"11"},"tn4":{"value":"12"},"da":{"value":"2024-10-12"},"tn6":{"value":"6"},"pn":{"value":"1-3"}}}，发送的结果为：{"errcode":0,"errmsg":"ok","msgid":3676458332799139848}
INFO main com.pt.vx.VxMessageMain - 程序结束，耗时：3012 ms
INFO main com.pt.vx.service.vx.MessageService - 开始处理用户：{"Vx":"oqUyg6GKEG_H8zRgSXvXKJyCJoNU","templateId":"ZjL4_3k2e0xOJc7enqOWLkpHkZnuMhhbzeKxjrDohGA","userName":"pt","birthDays":[{"year":2025,"month":3,"day":13,"chineseFlag":false,"countFlag":true,"info":"pt生日快乐！！"},{"year":2024,"month":4,"day":27,"chineseFlag":false,"countFlag":true,"info":"周年快乐"}],"address":"北京市通州区","city":"北京"}
ERROR main com.pt.vx.service.vx.MessageService - 发送消息出现错误，错误为：cn.hutool.json.JSONException: Expected a ',' or '}' at 35 [character 36 line 1]
java.util.concurrent.ExecutionException: cn.hutool.json.JSONException: Expected a ',' or '}' at 35 [character 36 line 1]
	at java.util.concurrent.CompletableFuture.reportGet(CompletableFuture.java:357)
	at java.util.concurrent.CompletableFuture.get(CompletableFuture.java:1895)
	at com.pt.vx.service.vx.MessageService.buildMessageContext(MessageService.java:78)
	at com.pt.vx.service.vx.MessageService.sendMessage(MessageService.java:50)
	at com.pt.vx.VxMessageMain.main(VxMessageMain.java:29)
Caused by: cn.hutool.json.JSONException: Expected a ',' or '}' at 35 [character 36 line 1]
	at cn.hutool.json.JSONTokener.syntaxError(JSONTokener.java:396)
	at cn.hutool.json.JSONParser.parseTo(JSONParser.java:89)
	at cn.hutool.json.ObjectMapper.mapFromTokener(ObjectMapper.java:239)
	at cn.hutool.json.ObjectMapper.mapFromStr(ObjectMapper.java:215)
	at cn.hutool.json.ObjectMapper.map(ObjectMapper.java:98)
	at cn.hutool.json.JSONObject.<init>(JSONObject.java:210)
	at cn.hutool.json.JSONObject.<init>(JSONObject.java:187)
	at cn.hutool.json.JSONObject.<init>(JSONObject.java:142)
	at cn.hutool.json.JSONObject.<init>(JSONObject.java:125)
	at cn.hutool.json.JSONUtil.parseObj(JSONUtil.java:87)
	at com.pt.vx.service.api.ApiMessageService.getRiddle(ApiMessageService.java:91)
	at com.pt.vx.service.api.ApiMessageService.getApiMessage(ApiMessageService.java:37)
	at com.pt.vx.service.vx.MessageService.lambda$buildApiInfoFuture$0(MessageService.java:90)
	at java.util.concurrent.CompletableFuture$AsyncRun.run(CompletableFuture.java:1626)
	at java.util.concurrent.ThreadPoolExecutor.runWorker(ThreadPoolExecutor.java:1149)
	at java.util.concurrent.ThreadPoolExecutor$Worker.run(ThreadPoolExecutor.java:624)
	at java.lang.Thread.run(Thread.java:748)
INFO main com.pt.vx.utils.VxUtil - 获取微信token：{"access_token":"85_qzfjg5u55R_cqhUTITtgmVN0zSW3omDHmO7vG33XuOPtv-K3HahROrYFnIBeCUH9_P7Y1cQqhUDhouKsfRmF6vGhlRdN39sUoKTwmiAJrYhdTOQfyJJ-dsuxi10XJVhABAPBN","expires_in":7200}
INFO main com.pt.vx.utils.VxUtil - 发送微信消息：{"touser":"oqUyg6GKEG_H8zRgSXvXKJyCJoNU","template_id":"ZjL4_3k2e0xOJc7enqOWLkpHkZnuMhhbzeKxjrDohGA","data":{"wd2":{"value":"西南风"},"wd1":{"value":"南风"},"wd4":{"value":"南风"},"wd3":{"value":"北风"},"wd6":{"value":"北风"},"wd5":{"value":"北风"},"wi1":{"value":"多云"},"wi3":{"value":"多云"},"wi2":{"value":"晴"},"bD":{"value":"152"},"wi5":{"value":"多云"},"wi4":{"value":"小雨"},"wi6":{"value":"晴"},"pd1":{"value":"1-3"},"pd3":{"value":"1-3"},"pd2":{"value":"1-3"},"td1":{"value":"19"},"pd5":{"value":"1-3"},"pd4":{"value":"1-3"},"td3":{"value":"19"},"td2":{"value":"22"},"pd6":{"value":"1-3"},"td5":{"value":"17"},"td4":{"value":"18"},"td6":{"value":"17"},"wd":{"value":"东南风"},"bD1":{"value":"168"},"ww1":{"value":"东南风"},"wi":{"value":"多云"},"ww3":{"value":"东南风"},"ww2":{"value":"东北风"},"da2":{"value":"2024-10-14"},"wk":{"value":"六"},"ww5":{"value":"北风"},"da1":{"value":"2024-10-13"},"ww4":{"value":"东南风"},"da4":{"value":"2024-10-16"},"da3":{"value":"2024-10-15"},"ww6":{"value":"东南风"},"wk1":{"value":"日"},"wk3":{"value":"二"},"wk2":{"value":"一"},"sr":{"value":"06:22"},"ww":{"value":"东北风"},"ss":{"value":"17:41"},"wk4":{"value":"三"},"td":{"value":"24"},"pn1":{"value":"1-3"},"pd":{"value":"1-3"},"pn3":{"value":"1-3"},"u":{"value":"pt"},"pn2":{"value":"1-3"},"tn1":{"value":"13"},"pn5":{"value":"1-3"},"pn4":{"value":"1-3"},"tn3":{"value":"10"},"tn2":{"value":"13"},"pn6":{"value":"1-3"},"tn":{"value":"14"},"tn5":{"value":"11"},"tn4":{"value":"12"},"da":{"value":"2024-10-12"},"tn6":{"value":"6"},"pn":{"value":"1-3"}}}，发送的结果为：{"errcode":0,"errmsg":"ok","msgid":3676460809887973383}
INFO main com.pt.vx.VxMessageMain - 程序结束，耗时：3008 ms
INFO main com.pt.vx.service.vx.MessageService - 开始处理用户：{"Vx":"oqUyg6GKEG_H8zRgSXvXKJyCJoNU","templateId":"ZjL4_3k2e0xOJc7enqOWLkpHkZnuMhhbzeKxjrDohGA","userName":"pt","birthDays":[{"year":2025,"month":3,"day":13,"chineseFlag":false,"countFlag":true,"info":"pt生日快乐！！"},{"year":2024,"month":4,"day":27,"chineseFlag":false,"countFlag":true,"info":"周年快乐"}],"address":"北京市通州区","city":"北京"}
INFO pool-1-thread-1 com.pt.vx.service.api.ApiMessageService - 随机API接口为：d,获取的结果为：怪我眼睛藏不住心事，一提到你的名字就温柔泛滥。
INFO main com.pt.vx.utils.VxUtil - 获取微信token：{"access_token":"85_VoMeQ9QwBZLcBnYK3PFKgGU9KDvHW03Dbk0fb2gCLxOx1gnNWqkhDy_eR0esLjYeuaq1E0iEd3kJujbl0T9v5KAAg4BV5WJF8-7gmt39XxNZcbG4uc1UUd-JMgoABYiAHAMNK","expires_in":7200}
INFO main com.pt.vx.utils.VxUtil - 发送微信消息：{"touser":"oqUyg6GKEG_H8zRgSXvXKJyCJoNU","template_id":"ZjL4_3k2e0xOJc7enqOWLkpHkZnuMhhbzeKxjrDohGA","data":{"wd2":{"value":"西南风"},"wd1":{"value":"南风"},"wd4":{"value":"南风"},"wd3":{"value":"北风"},"wd6":{"value":"北风"},"wd5":{"value":"北风"},"wi1":{"value":"多云"},"wi3":{"value":"多云"},"wi2":{"value":"晴"},"bD":{"value":"152"},"wi5":{"value":"多云"},"wi4":{"value":"小雨"},"wi6":{"value":"晴"},"pd1":{"value":"1-3"},"pd3":{"value":"1-3"},"pd2":{"value":"1-3"},"td1":{"value":"19"},"pd5":{"value":"1-3"},"pd4":{"value":"1-3"},"td3":{"value":"19"},"td2":{"value":"22"},"pd6":{"value":"1-3"},"td5":{"value":"17"},"td4":{"value":"18"},"td6":{"value":"17"},"wd":{"value":"东南风"},"bD1":{"value":"168"},"ww1":{"value":"东南风"},"wi":{"value":"多云"},"ww3":{"value":"东南风"},"ww2":{"value":"东北风"},"da2":{"value":"2024-10-14"},"wk":{"value":"六"},"ww5":{"value":"北风"},"da1":{"value":"2024-10-13"},"ww4":{"value":"东南风"},"da4":{"value":"2024-10-16"},"da3":{"value":"2024-10-15"},"ww6":{"value":"东南风"},"wk1":{"value":"日"},"wk3":{"value":"二"},"wk2":{"value":"一"},"sr":{"value":"06:22"},"ww":{"value":"东北风"},"ss":{"value":"17:41"},"wk4":{"value":"三"},"td":{"value":"24"},"pn1":{"value":"1-3"},"r":{"value":"怪我眼睛藏不住心事，一提到你的名字就温柔"},"pd":{"value":"1-3"},"pn3":{"value":"1-3"},"u":{"value":"pt"},"pn2":{"value":"1-3"},"tn1":{"value":"13"},"pn5":{"value":"1-3"},"pn4":{"value":"1-3"},"tn3":{"value":"10"},"tn2":{"value":"13"},"pn6":{"value":"1-3"},"tn":{"value":"14"},"tn5":{"value":"11"},"tn4":{"value":"12"},"da":{"value":"2024-10-12"},"tn6":{"value":"6"},"pn":{"value":"1-3"}}}，发送的结果为：{"errcode":0,"errmsg":"ok","msgid":3676462479355183113}
INFO main com.pt.vx.VxMessageMain - 程序结束，耗时：2915 ms
INFO main com.pt.vx.service.vx.MessageService - 开始处理用户：{"Vx":"oqUyg6GKEG_H8zRgSXvXKJyCJoNU","templateId":"ZjL4_3k2e0xOJc7enqOWLkpHkZnuMhhbzeKxjrDohGA","userName":"pt","birthDays":[{"year":2025,"month":3,"day":13,"chineseFlag":false,"countFlag":true,"info":"pt生日快乐！！"},{"year":2024,"month":4,"day":27,"chineseFlag":false,"countFlag":true,"info":"周年快乐"}],"address":"北京市通州区","city":"北京"}
INFO pool-1-thread-1 com.pt.vx.service.api.ApiMessageService - ---获取谜语--- 谜题：壮士被一把匕首杀死，提示：打一字，谜底：北（壮没有士）
INFO pool-1-thread-1 com.pt.vx.service.api.ApiMessageService - 随机API接口为：m,获取的结果为：壮士被一把匕首杀死(提示：打一字)
ERROR main com.pt.vx.service.vx.MessageService - 发送消息出现错误，错误为：java.lang.NumberFormatException: For input string: "=>"
java.util.concurrent.ExecutionException: java.lang.NumberFormatException: For input string: "=>"
	at java.util.concurrent.CompletableFuture.reportGet(CompletableFuture.java:357)
	at java.util.concurrent.CompletableFuture.get(CompletableFuture.java:1895)
	at com.pt.vx.service.vx.MessageService.buildMessageContext(MessageService.java:78)
	at com.pt.vx.service.vx.MessageService.sendMessage(MessageService.java:50)
	at com.pt.vx.VxMessageMain.main(VxMessageMain.java:29)
Caused by: java.lang.NumberFormatException: For input string: "=>"
	at java.lang.NumberFormatException.forInputString(NumberFormatException.java:65)
	at java.lang.Integer.parseInt(Integer.java:580)
	at java.lang.Integer.parseInt(Integer.java:615)
	at com.pt.vx.service.vx.MessageService.buildWeatherOtherInfo(MessageService.java:231)
	at com.pt.vx.service.vx.MessageService.lambda$null$6(MessageService.java:215)
	at java.util.ArrayList.forEach(ArrayList.java:1257)
	at com.pt.vx.service.vx.MessageService.lambda$buildWeatherOtherInfoFuture$7(MessageService.java:215)
	at java.util.concurrent.CompletableFuture.biAccept(CompletableFuture.java:1176)
	at java.util.concurrent.CompletableFuture$BiAccept.tryFire(CompletableFuture.java:1141)
	at java.util.concurrent.CompletableFuture$Completion.run(CompletableFuture.java:442)
	at java.util.concurrent.ThreadPoolExecutor.runWorker(ThreadPoolExecutor.java:1149)
	at java.util.concurrent.ThreadPoolExecutor$Worker.run(ThreadPoolExecutor.java:624)
	at java.lang.Thread.run(Thread.java:748)
INFO main com.pt.vx.utils.VxUtil - 获取微信token：{"access_token":"85_rQtlfzCamULNJ9BXZB7hwEPPpfUr13Sxjzx7bQBICGD2jH0DHCWlkFEj-uiaLu4lyVeM_n3MP-dnUcoq5F7oSS3r7xgF6duL438PaLs0DgmrGg9LW5L8WPG_JasZZOhADARRG","expires_in":7200}
INFO main com.pt.vx.utils.VxUtil - 发送微信消息：{"touser":"oqUyg6GKEG_H8zRgSXvXKJyCJoNU","template_id":"ZjL4_3k2e0xOJc7enqOWLkpHkZnuMhhbzeKxjrDohGA","data":{"wd2":{"value":"西南风"},"wd1":{"value":"南风"},"wd4":{"value":"南风"},"wd3":{"value":"北风"},"wd6":{"value":"北风"},"wd5":{"value":"北风"},"wi1":{"value":"多云"},"wi3":{"value":"多云"},"wi2":{"value":"晴"},"bD":{"value":"152"},"wi5":{"value":"多云"},"wi4":{"value":"小雨"},"wi6":{"value":"晴"},"pd1":{"value":"1-3"},"pd3":{"value":"1-3"},"pd2":{"value":"1-3"},"td1":{"value":"19"},"pd5":{"value":"1-3"},"pd4":{"value":"1-3"},"td3":{"value":"19"},"td2":{"value":"22"},"pd6":{"value":"1-3"},"td5":{"value":"17"},"td4":{"value":"18"},"td6":{"value":"17"},"wd":{"value":"东南风"},"bD1":{"value":"168"},"ww1":{"value":"东南风"},"wi":{"value":"多云"},"ww3":{"value":"东南风"},"ww2":{"value":"东北风"},"da2":{"value":"2024-10-14"},"wk":{"value":"六"},"ww5":{"value":"北风"},"da1":{"value":"2024-10-13"},"ww4":{"value":"东南风"},"da4":{"value":"2024-10-16"},"da3":{"value":"2024-10-15"},"ww6":{"value":"东南风"},"wk1":{"value":"日"},"wk3":{"value":"二"},"wk2":{"value":"一"},"sr":{"value":"06:22"},"ss":{"value":"17:41"},"ww":{"value":"东北风"},"wk4":{"value":"三"},"td":{"value":"24"},"r":{"value":"壮士被一把匕首杀死(提示：打一字)"},"pn1":{"value":"1-3"},"pd":{"value":"1-3"},"pn3":{"value":"1-3"},"u":{"value":"pt"},"pn2":{"value":"1-3"},"tn1":{"value":"13"},"pn5":{"value":"1-3"},"pn4":{"value":"1-3"},"tn3":{"value":"10"},"tn2":{"value":"13"},"pn6":{"value":"1-3"},"tn":{"value":"14"},"tn5":{"value":"11"},"tn4":{"value":"12"},"da":{"value":"2024-10-12"},"tn6":{"value":"6"},"pn":{"value":"1-3"}}}，发送的结果为：{"errcode":0,"errmsg":"ok","msgid":3676462943597527044}
INFO main com.pt.vx.VxMessageMain - 程序结束，耗时：2966 ms
INFO main com.pt.vx.service.vx.MessageService - 开始处理用户：{"Vx":"oqUyg6GKEG_H8zRgSXvXKJyCJoNU","templateId":"ZjL4_3k2e0xOJc7enqOWLkpHkZnuMhhbzeKxjrDohGA","userName":"pt","birthDays":[{"year":2025,"month":3,"day":13,"chineseFlag":false,"countFlag":true,"info":"pt生日快乐！！"},{"year":2024,"month":4,"day":27,"chineseFlag":false,"countFlag":true,"info":"周年快乐"}],"address":"北京市通州区","city":"北京"}
INFO pool-1-thread-1 com.pt.vx.service.api.ApiMessageService - 随机API接口为：d,获取的结果为：这个世界美好的事情不多，立秋傍晚河对岸吹来的风，和笑起来甜得要命的你
ERROR main com.pt.vx.service.vx.MessageService - 发送消息出现错误，错误为：java.lang.NumberFormatException: For input string: ""
java.util.concurrent.ExecutionException: java.lang.NumberFormatException: For input string: ""
	at java.util.concurrent.CompletableFuture.reportGet(CompletableFuture.java:357)
	at java.util.concurrent.CompletableFuture.get(CompletableFuture.java:1895)
	at com.pt.vx.service.vx.MessageService.buildMessageContext(MessageService.java:78)
	at com.pt.vx.service.vx.MessageService.sendMessage(MessageService.java:50)
	at com.pt.vx.VxMessageMain.main(VxMessageMain.java:29)
Caused by: java.lang.NumberFormatException: For input string: ""
	at java.lang.NumberFormatException.forInputString(NumberFormatException.java:65)
	at java.lang.Integer.parseInt(Integer.java:592)
	at java.lang.Integer.parseInt(Integer.java:615)
	at com.pt.vx.service.vx.MessageService.buildWeatherOtherInfo(MessageService.java:231)
	at com.pt.vx.service.vx.MessageService.lambda$null$6(MessageService.java:215)
	at java.util.ArrayList.forEach(ArrayList.java:1257)
	at com.pt.vx.service.vx.MessageService.lambda$buildWeatherOtherInfoFuture$7(MessageService.java:215)
	at java.util.concurrent.CompletableFuture.biAccept(CompletableFuture.java:1176)
	at java.util.concurrent.CompletableFuture$BiAccept.tryFire(CompletableFuture.java:1141)
	at java.util.concurrent.CompletableFuture$Completion.run(CompletableFuture.java:442)
	at java.util.concurrent.ThreadPoolExecutor.runWorker(ThreadPoolExecutor.java:1149)
	at java.util.concurrent.ThreadPoolExecutor$Worker.run(ThreadPoolExecutor.java:624)
	at java.lang.Thread.run(Thread.java:748)
INFO main com.pt.vx.utils.VxUtil - 获取微信token：{"access_token":"85_IqS7KS5x5o3WArGKzO13DwDpF6iniaZc-KkkzvHPkfBVsazsDg3wVtBo0RvGIK714pzD7j18pVWjrDm_Ct-u73EgM64DuLYW2q4y7fDR5IRuDTd6CxYEpb9DqdoFOTaADAAJO","expires_in":7200}
INFO main com.pt.vx.utils.VxUtil - 发送微信消息：{"touser":"oqUyg6GKEG_H8zRgSXvXKJyCJoNU","template_id":"ZjL4_3k2e0xOJc7enqOWLkpHkZnuMhhbzeKxjrDohGA","data":{"wd2":{"value":"西南风"},"wd1":{"value":"南风"},"wd4":{"value":"南风"},"wd3":{"value":"北风"},"wd6":{"value":"北风"},"wd5":{"value":"北风"},"wi1":{"value":"多云"},"wi3":{"value":"多云"},"wi2":{"value":"晴"},"bD":{"value":"152"},"wi5":{"value":"多云"},"wi4":{"value":"小雨"},"wi6":{"value":"晴"},"pd1":{"value":"1-3"},"pd3":{"value":"1-3"},"pd2":{"value":"1-3"},"td1":{"value":"19"},"pd5":{"value":"1-3"},"pd4":{"value":"1-3"},"td3":{"value":"19"},"td2":{"value":"22"},"pd6":{"value":"1-3"},"td5":{"value":"17"},"td4":{"value":"18"},"td6":{"value":"17"},"wd":{"value":"东南风"},"bD1":{"value":"168"},"ww1":{"value":"东南风"},"wi":{"value":"多云"},"ww3":{"value":"东南风"},"ww2":{"value":"东北风"},"da2":{"value":"2024-10-14"},"wk":{"value":"六"},"ww5":{"value":"北风"},"da1":{"value":"2024-10-13"},"ww4":{"value":"东南风"},"da4":{"value":"2024-10-16"},"da3":{"value":"2024-10-15"},"ww6":{"value":"东南风"},"wk1":{"value":"日"},"wk3":{"value":"二"},"wk2":{"value":"一"},"sr":{"value":"06:22"},"ss":{"value":"17:41"},"ww":{"value":"东北风"},"wk4":{"value":"三"},"td":{"value":"24"},"r":{"value":"来的风，和笑起来甜得要命的你"},"pn1":{"value":"1-3"},"pd":{"value":"1-3"},"pn3":{"value":"1-3"},"u":{"value":"pt"},"pn2":{"value":"1-3"},"tn1":{"value":"13"},"pn5":{"value":"1-3"},"pn4":{"value":"1-3"},"tn3":{"value":"10"},"tn2":{"value":"13"},"pn6":{"value":"1-3"},"tn":{"value":"14"},"tn5":{"value":"11"},"tn4":{"value":"12"},"da":{"value":"2024-10-12"},"tn6":{"value":"6"},"pn":{"value":"1-3"}}}，发送的结果为：{"errcode":0,"errmsg":"ok","msgid":3676464870024577026}
INFO main com.pt.vx.VxMessageMain - 程序结束，耗时：3001 ms
INFO main com.pt.vx.service.vx.MessageService - 开始处理用户：{"Vx":"oqUyg6GKEG_H8zRgSXvXKJyCJoNU","templateId":"ZjL4_3k2e0xOJc7enqOWLkpHkZnuMhhbzeKxjrDohGA","userName":"pt","birthDays":[{"year":2025,"month":3,"day":13,"chineseFlag":false,"countFlag":true,"info":"pt生日快乐！！"},{"year":2024,"month":4,"day":27,"chineseFlag":false,"countFlag":true,"info":"周年快乐"}],"address":"北京市通州区","city":"北京"}
INFO pool-1-thread-1 com.pt.vx.service.api.ApiMessageService - 随机API接口为：d,获取的结果为：以后一起生一个宝宝，一家三口，爸爸最丑
ERROR main com.pt.vx.service.vx.MessageService - 发送消息出现错误，错误为：java.lang.NumberFormatException: For input string: ""
java.util.concurrent.ExecutionException: java.lang.NumberFormatException: For input string: ""
	at java.util.concurrent.CompletableFuture.reportGet(CompletableFuture.java:357)
	at java.util.concurrent.CompletableFuture.get(CompletableFuture.java:1895)
	at com.pt.vx.service.vx.MessageService.buildMessageContext(MessageService.java:78)
	at com.pt.vx.service.vx.MessageService.sendMessage(MessageService.java:50)
	at com.pt.vx.VxMessageMain.main(VxMessageMain.java:29)
Caused by: java.lang.NumberFormatException: For input string: ""
	at java.lang.NumberFormatException.forInputString(NumberFormatException.java:65)
	at java.lang.Integer.parseInt(Integer.java:592)
	at java.lang.Integer.parseInt(Integer.java:615)
	at com.pt.vx.service.vx.MessageService.buildWeatherOtherInfo(MessageService.java:231)
	at com.pt.vx.service.vx.MessageService.lambda$null$6(MessageService.java:215)
	at java.util.ArrayList.forEach(ArrayList.java:1257)
	at com.pt.vx.service.vx.MessageService.lambda$buildWeatherOtherInfoFuture$7(MessageService.java:215)
	at java.util.concurrent.CompletableFuture.biAccept(CompletableFuture.java:1176)
	at java.util.concurrent.CompletableFuture$BiAccept.tryFire(CompletableFuture.java:1141)
	at java.util.concurrent.CompletableFuture$Completion.run(CompletableFuture.java:442)
	at java.util.concurrent.ThreadPoolExecutor.runWorker(ThreadPoolExecutor.java:1149)
	at java.util.concurrent.ThreadPoolExecutor$Worker.run(ThreadPoolExecutor.java:624)
	at java.lang.Thread.run(Thread.java:748)
INFO main com.pt.vx.utils.VxUtil - 获取微信token：{"access_token":"85_UpUJPARgAkz5PCBacOXPfaweXhLiL9gm8ejtBpKS4TvzH1jmh5wbRRSG3tgeZY_M6mXUG6VtRTvC5aqAMuSrA4jkhHCsrY9e-QTN41DHJL6Fx34Nw3cNzqXrTOoYVZjACADAE","expires_in":7200}
INFO main com.pt.vx.utils.VxUtil - 发送微信消息：{"touser":"oqUyg6GKEG_H8zRgSXvXKJyCJoNU","template_id":"ZjL4_3k2e0xOJc7enqOWLkpHkZnuMhhbzeKxjrDohGA","data":{"wd2":{"value":"西南风"},"wd1":{"value":"南风"},"wd4":{"value":"南风"},"wd3":{"value":"北风"},"wd6":{"value":"北风"},"wd5":{"value":"北风"},"wi1":{"value":"多云"},"wi3":{"value":"多云"},"wi2":{"value":"晴"},"bD":{"value":"152"},"wi5":{"value":"多云"},"wi4":{"value":"小雨"},"wi6":{"value":"晴"},"pd1":{"value":"1-3"},"pd3":{"value":"1-3"},"pd2":{"value":"1-3"},"td1":{"value":"19"},"pd5":{"value":"1-3"},"pd4":{"value":"1-3"},"td3":{"value":"19"},"td2":{"value":"22"},"pd6":{"value":"1-3"},"td5":{"value":"17"},"td4":{"value":"18"},"td6":{"value":"17"},"wd":{"value":"东南风"},"bD1":{"value":"168"},"ww1":{"value":"东南风"},"wi":{"value":"多云"},"ww3":{"value":"东南风"},"ww2":{"value":"东北风"},"da2":{"value":"2024-10-14"},"wk":{"value":"六"},"ww5":{"value":"北风"},"da1":{"value":"2024-10-13"},"ww4":{"value":"东南风"},"da4":{"value":"2024-10-16"},"da3":{"value":"2024-10-15"},"ww6":{"value":"东南风"},"wk1":{"value":"日"},"wk3":{"value":"二"},"wk2":{"value":"一"},"sr":{"value":"06:22"},"ss":{"value":"17:41"},"ww":{"value":"东北风"},"wk4":{"value":"三"},"td":{"value":"24"},"r":{"value":"以后一起生一个宝宝，一家三口，爸爸最丑"},"pn1":{"value":"1-3"},"pd":{"value":"1-3"},"pn3":{"value":"1-3"},"u":{"value":"pt"},"pn2":{"value":"1-3"},"tn1":{"value":"13"},"pn5":{"value":"1-3"},"pn4":{"value":"1-3"},"tn3":{"value":"10"},"tn2":{"value":"13"},"pn6":{"value":"1-3"},"tn":{"value":"14"},"tn5":{"value":"11"},"tn4":{"value":"12"},"da":{"value":"2024-10-12"},"tn6":{"value":"6"},"pn":{"value":"1-3"}}}，发送的结果为：{"errcode":0,"errmsg":"ok","msgid":3676465226372644866}
INFO main com.pt.vx.VxMessageMain - 程序结束，耗时：2955 ms
INFO main com.pt.vx.service.vx.MessageService - 开始处理用户：{"Vx":"oqUyg6GKEG_H8zRgSXvXKJyCJoNU","templateId":"ZjL4_3k2e0xOJc7enqOWLkpHkZnuMhhbzeKxjrDohGA","userName":"pt","birthDays":[{"year":2025,"month":3,"day":13,"chineseFlag":false,"countFlag":true,"info":"pt生日快乐！！"},{"year":2024,"month":4,"day":27,"chineseFlag":false,"countFlag":true,"info":"周年快乐"}],"address":"北京市通州区","city":"北京"}
INFO pool-1-thread-1 com.pt.vx.service.api.ApiMessageService - 随机API接口为：q,获取的结果为：珍簟凉风著，瑶琴寄恨生。嵇君懒书札，底物慰秋情。
INFO main com.pt.vx.utils.VxUtil - 获取微信token：{"access_token":"85_DdFP50V5XXLEgTMrvEtwvYbmsxpNpoRLLbGv9sGGJDoycxJn5Zl8eSI3ZWfoL2DDMGigdNCzIz0uMkLr9fG7e6-RgejcwVCKMbypQpciIphz8T4jDdbZvhlguQsJEYeACASNH","expires_in":7200}
INFO main com.pt.vx.utils.VxUtil - 发送微信消息：{"touser":"oqUyg6GKEG_H8zRgSXvXKJyCJoNU","template_id":"ZjL4_3k2e0xOJc7enqOWLkpHkZnuMhhbzeKxjrDohGA","data":{"wd2":{"value":"西南风"},"wd1":{"value":"南风"},"wd4":{"value":"南风"},"wd3":{"value":"北风"},"wd6":{"value":"北风"},"wd5":{"value":"北风"},"wi1":{"value":"多云"},"wi3":{"value":"多云"},"wi2":{"value":"晴"},"bD":{"value":"152"},"wi5":{"value":"多云"},"wi4":{"value":"小雨"},"wi6":{"value":"晴"},"pd1":{"value":"1-3"},"pd3":{"value":"1-3"},"pd2":{"value":"1-3"},"td1":{"value":"19"},"pd5":{"value":"1-3"},"pd4":{"value":"1-3"},"td3":{"value":"19"},"td2":{"value":"22"},"pd6":{"value":"1-3"},"td5":{"value":"17"},"td4":{"value":"18"},"td6":{"value":"17"},"wd":{"value":"东南风"},"bD1":{"value":"168"},"ww1":{"value":"东南风"},"wi":{"value":"多云"},"ww3":{"value":"东南风"},"ww2":{"value":"东北风"},"da2":{"value":"2024-10-14"},"wk":{"value":"六"},"ww5":{"value":"北风"},"da1":{"value":"2024-10-13"},"ww4":{"value":"东南风"},"da4":{"value":"2024-10-16"},"da3":{"value":"2024-10-15"},"ww6":{"value":"东南风"},"wk1":{"value":"日"},"wk3":{"value":"二"},"wk2":{"value":"一"},"sr":{"value":"06:22"},"ss":{"value":"17:41"},"ww":{"value":"东北风"},"wk4":{"value":"三"},"o":{"value":"今天天气晴朗，适合出去玩哦~"},"td":{"value":"24"},"r":{"value":"珍簟凉风著，瑶琴寄恨生。嵇君懒书札，底物"},"pn1":{"value":"1-3"},"pd":{"value":"1-3"},"pn3":{"value":"1-3"},"u":{"value":"pt"},"pn2":{"value":"1-3"},"tn1":{"value":"13"},"pn5":{"value":"1-3"},"pn4":{"value":"1-3"},"tn3":{"value":"10"},"tn2":{"value":"13"},"pn6":{"value":"1-3"},"tn":{"value":"14"},"tn5":{"value":"11"},"tn4":{"value":"12"},"da":{"value":"2024-10-12"},"tn6":{"value":"6"},"pn":{"value":"1-3"}}}，发送的结果为：{"errcode":0,"errmsg":"ok","msgid":3676467345301471234}
INFO main com.pt.vx.VxMessageMain - 程序结束，耗时：3113 ms
INFO main com.pt.vx.service.vx.MessageService - 开始处理用户：{"Vx":"oqUyg6GKEG_H8zRgSXvXKJyCJoNU","templateId":"ZjL4_3k2e0xOJc7enqOWLkpHkZnuMhhbzeKxjrDohGA","userName":"pt","birthDays":[{"year":2025,"month":3,"day":13,"chineseFlag":false,"countFlag":true,"info":"pt生日快乐！！"},{"year":2024,"month":4,"day":27,"chineseFlag":false,"countFlag":true,"info":"周年快乐"}],"address":"北京市通州区","city":"北京"}
INFO pool-1-thread-1 com.pt.vx.service.api.ApiMessageService - 随机API接口为：q,获取的结果为：愿我能在你清晨雾般的眼神里，愿我常在你清澈安详的心湖底。
INFO main com.pt.vx.utils.VxUtil - 获取微信token：{"access_token":"85_aoIZj6RHBaNnB9FylJoFY9BFLjp73NgnbO_m3TIkXI8DrzNZVmPUlHC75E2GQG2VwIqn0y-WcTGaijIHPatL3OkFmLoi3SS1vy3q-Jn4HAaHKdsIAGy97CpelgkKUNjAJASCV","expires_in":7200}
INFO main com.pt.vx.utils.VxUtil - 发送微信消息：{"touser":"oqUyg6GKEG_H8zRgSXvXKJyCJoNU","template_id":"ZjL4_3k2e0xOJc7enqOWLkpHkZnuMhhbzeKxjrDohGA","data":{"wd2":{"value":"西南风"},"wd1":{"value":"南风"},"wd4":{"value":"南风"},"wd3":{"value":"北风"},"wd6":{"value":"北风"},"wd5":{"value":"北风"},"wi1":{"value":"多云"},"wi3":{"value":"多云"},"wi2":{"value":"晴"},"bD":{"value":"152"},"wi5":{"value":"多云"},"wi4":{"value":"小雨"},"wi6":{"value":"晴"},"pd1":{"value":"1-3"},"pd3":{"value":"1-3"},"pd2":{"value":"1-3"},"td1":{"value":"19"},"pd5":{"value":"1-3"},"pd4":{"value":"1-3"},"td3":{"value":"19"},"td2":{"value":"22"},"pd6":{"value":"1-3"},"td5":{"value":"17"},"td4":{"value":"18"},"td6":{"value":"17"},"wd":{"value":"东南风"},"bD1":{"value":"168"},"ww1":{"value":"东南风"},"wi":{"value":"多云"},"ww3":{"value":"东南风"},"ww2":{"value":"东北风"},"da2":{"value":"2024-10-14"},"wk":{"value":"六"},"ww5":{"value":"北风"},"da1":{"value":"2024-10-13"},"ww4":{"value":"东南风"},"da4":{"value":"2024-10-16"},"da3":{"value":"2024-10-15"},"ww6":{"value":"东南风"},"wk1":{"value":"日"},"wk3":{"value":"二"},"wk2":{"value":"一"},"sr":{"value":"06:22"},"ss":{"value":"17:41"},"ww":{"value":"东北风"},"wk4":{"value":"三"},"o":{"value":"今天天气晴朗，适合出去玩哦~"},"td":{"value":"24"},"r":{"value":"愿我能在你清晨雾般的眼神里，愿我常在你清"},"pn1":{"value":"1-3"},"pd":{"value":"1-3"},"pn3":{"value":"1-3"},"u":{"value":"pt"},"pn2":{"value":"1-3"},"tn1":{"value":"13"},"pn5":{"value":"1-3"},"pn4":{"value":"1-3"},"tn3":{"value":"10"},"tn2":{"value":"13"},"pn6":{"value":"1-3"},"tn":{"value":"14"},"tn5":{"value":"11"},"tn4":{"value":"12"},"da":{"value":"2024-10-12"},"tn6":{"value":"6"},"pn":{"value":"1-3"}}}，发送的结果为：{"errcode":0,"errmsg":"ok","msgid":3676467720490352643}
INFO main com.pt.vx.VxMessageMain - 程序结束，耗时：3067 ms
INFO main com.pt.vx.service.vx.MessageService - 开始处理用户：{"Vx":"oqUyg6GKEG_H8zRgSXvXKJyCJoNU","templateId":"ZjL4_3k2e0xOJc7enqOWLkpHkZnuMhhbzeKxjrDohGA","userName":"pt","birthDays":[{"year":2025,"month":3,"day":13,"chineseFlag":false,"countFlag":true,"info":"pt生日快乐！！"},{"year":2024,"month":4,"day":27,"chineseFlag":false,"countFlag":true,"info":"周年快乐"}],"address":"北京市通州区","city":"北京"}
INFO pool-1-thread-1 com.pt.vx.service.api.ApiMessageService - 随机API接口为：d,获取的结果为：别怕光阴漫长，我会在你身旁，哪怕白发苍苍
INFO main com.pt.vx.utils.VxUtil - 获取微信token：{"access_token":"85_KbAFe-Xt4ALa3PATXL4lMfOeSAzAyzMHpnfIbMN-3lrQz993IYMnJq8p_wTEZL4ycLsOZmpC3tikxz4glB-oZ3oW6VJXMcqEqGwGMNqKnaE8D97eav6OJ42HA04SQFfACAHFU","expires_in":7200}
INFO main com.pt.vx.utils.VxUtil - 发送微信消息：{"touser":"oqUyg6GKEG_H8zRgSXvXKJyCJoNU","template_id":"ZjL4_3k2e0xOJc7enqOWLkpHkZnuMhhbzeKxjrDohGA","data":{"wd2":{"value":"西南风"},"wd1":{"value":"南风"},"wd4":{"value":"南风"},"wd3":{"value":"北风"},"wd6":{"value":"北风"},"wd5":{"value":"北风"},"wi1":{"value":"多云"},"wi3":{"value":"多云"},"wi2":{"value":"晴"},"bD":{"value":"152"},"wi5":{"value":"多云"},"wi4":{"value":"小雨"},"wi6":{"value":"晴"},"pd1":{"value":"1-3"},"pd3":{"value":"1-3"},"pd2":{"value":"1-3"},"td1":{"value":"19"},"pd5":{"value":"1-3"},"pd4":{"value":"1-3"},"td3":{"value":"19"},"td2":{"value":"22"},"pd6":{"value":"1-3"},"td5":{"value":"17"},"td4":{"value":"18"},"td6":{"value":"17"},"wd":{"value":"东南风"},"bD1":{"value":"168"},"ww1":{"value":"东南风"},"wi":{"value":"多云"},"ww3":{"value":"东南风"},"ww2":{"value":"东北风"},"da2":{"value":"2024-10-14"},"wk":{"value":"六"},"ww5":{"value":"北风"},"da1":{"value":"2024-10-13"},"ww4":{"value":"东南风"},"da4":{"value":"2024-10-16"},"da3":{"value":"2024-10-15"},"ww6":{"value":"东南风"},"wk1":{"value":"日"},"wk3":{"value":"二"},"wk2":{"value":"一"},"sr":{"value":"06:22"},"ss":{"value":"17:41"},"ww":{"value":"东北风"},"wk4":{"value":"三"},"o":{"value":"今天天气晴朗，适合出去玩哦~"},"td":{"value":"24"},"r":{"value":"别怕光阴漫长，我会在你身旁，哪怕白发苍苍"},"pn1":{"value":"1-3"},"pd":{"value":"1-3"},"pn3":{"value":"1-3"},"u":{"value":"pt"},"pn2":{"value":"1-3"},"tn1":{"value":"13"},"pn5":{"value":"1-3"},"pn4":{"value":"1-3"},"tn3":{"value":"10"},"tn2":{"value":"13"},"pn6":{"value":"1-3"},"tn":{"value":"14"},"tn5":{"value":"11"},"tn4":{"value":"12"},"da":{"value":"2024-10-12"},"tn6":{"value":"6"},"pn":{"value":"1-3"}}}，发送的结果为：{"errcode":0,"errmsg":"ok","msgid":3676468352135757827}
INFO main com.pt.vx.VxMessageMain - 程序结束，耗时：2820 ms
